<?xml version="1.0" encoding="utf-8"?><testsuites name="pytest tests"><testsuite name="pytest" errors="0" failures="0" skipped="0" tests="8" time="6.654" timestamp="2026-04-30T19:48:09.167877+00:00" hostname="agent-env-b77d2ba4-6dbf-43f2-af73-d05c5e1ab741"><testcase classname="backend.tests.test_admissions" name="test_health" time="0.229" /><testcase classname="backend.tests.test_admissions" name="test_root" time="0.112" /><testcase classname="backend.tests.test_admissions" name="test_create_admission_valid" time="2.458" /><testcase classname="backend.tests.test_admissions" name="test_invalid_class" time="0.419" /><testcase classname="backend.tests.test_admissions" name="test_invalid_payload" time="0.244" /><testcase classname="backend.tests.test_admissions" name="test_all_class_values" time="2.735" /><testcase classname="backend.tests.test_admissions" name="test_honeypot_silent_drop" time="0.232" /><testcase classname="backend.tests.test_admissions" name="test_list_no_mongo_id_leak" time="0.153" /></testsuite></testsuites>