<?xml version="1.0" encoding="utf-8"?><testsuites name="pytest tests"><testsuite name="pytest" errors="0" failures="0" skipped="0" tests="9" time="3.189" timestamp="2026-04-30T20:51:48.913781+00:00" hostname="agent-env-b77d2ba4-6dbf-43f2-af73-d05c5e1ab741"><testcase classname="backend.tests.test_admissions" name="test_health" time="0.241" /><testcase classname="backend.tests.test_admissions" name="test_root" time="0.155" /><testcase classname="backend.tests.test_admissions" name="test_create_admission_valid" time="1.215" /><testcase classname="backend.tests.test_admissions" name="test_backend_has_no_resend_references" time="0.000" /><testcase classname="backend.tests.test_admissions" name="test_invalid_class" time="0.341" /><testcase classname="backend.tests.test_admissions" name="test_invalid_payload" time="0.206" /><testcase classname="backend.tests.test_admissions" name="test_all_class_values" time="0.588" /><testcase classname="backend.tests.test_admissions" name="test_honeypot_silent_drop" time="0.211" /><testcase classname="backend.tests.test_admissions" name="test_list_no_mongo_id_leak" time="0.116" /></testsuite></testsuites>